TN:
SF:app.js
FN:23,(anonymous_0)
FNF:1
FNH:0
FNDA:0,(anonymous_0)
DA:1,2
DA:2,2
DA:3,2
DA:4,2
DA:5,2
DA:8,2
DA:9,2
DA:12,2
DA:14,2
DA:17,2
DA:18,2
DA:23,2
DA:24,2
DA:25,2
DA:29,2
LF:15
LH:15
BRF:0
BRH:0
end_of_record
TN:
SF:config/db.js
FN:3,(anonymous_0)
FNF:1
FNH:1
FNDA:2,(anonymous_0)
DA:1,2
DA:3,2
DA:4,2
DA:5,2
DA:6,2
DA:8,0
DA:9,0
DA:13,2
LF:8
LH:6
BRF:0
BRH:0
end_of_record
TN:
SF:controllers/fitnessController.js
FN:6,(anonymous_0)
FN:16,(anonymous_1)
FN:35,(anonymous_2)
FN:53,(anonymous_3)
FN:70,(anonymous_4)
FNF:5
FNH:5
FNDA:1,(anonymous_0)
FNDA:6,(anonymous_1)
FNDA:1,(anonymous_2)
FNDA:1,(anonymous_3)
FNDA:1,(anonymous_4)
DA:1,2
DA:2,2
DA:6,2
DA:7,1
DA:8,1
DA:9,1
DA:11,0
DA:16,2
DA:17,6
DA:19,6
DA:21,6
DA:22,6
DA:23,0
DA:25,6
DA:26,6
DA:27,6
DA:28,6
DA:30,0
DA:35,2
DA:36,1
DA:37,1
DA:38,0
DA:41,1
DA:42,1
DA:43,1
DA:44,0
DA:46,1
DA:48,0
DA:53,2
DA:54,1
DA:55,1
DA:56,0
DA:58,1
DA:59,1
DA:60,1
DA:61,1
DA:62,0
DA:63,1
DA:65,0
DA:70,2
DA:71,1
DA:72,1
DA:73,0
DA:76,1
DA:77,1
DA:78,1
DA:83,1
DA:84,0
DA:86,1
DA:88,0
DA:93,2
LF:51
LH:39
BRDA:22,0,0,0
BRDA:22,0,1,6
BRDA:22,1,0,6
BRDA:22,1,1,6
BRDA:22,1,2,6
BRDA:37,2,0,0
BRDA:37,2,1,1
BRDA:43,3,0,0
BRDA:43,3,1,1
BRDA:55,4,0,0
BRDA:55,4,1,1
BRDA:61,5,0,0
BRDA:61,5,1,1
BRDA:72,6,0,0
BRDA:72,6,1,1
BRDA:83,7,0,0
BRDA:83,7,1,1
BRF:17
BRH:10
end_of_record
TN:
SF:controllers/userController.js
FN:4,(anonymous_0)
FN:9,(anonymous_1)
FN:25,(anonymous_2)
FNF:3
FNH:3
FNDA:3,(anonymous_0)
FNDA:2,(anonymous_1)
FNDA:3,(anonymous_2)
DA:1,2
DA:2,2
DA:4,2
DA:5,3
DA:9,2
DA:10,2
DA:12,2
DA:13,2
DA:16,1
DA:18,1
DA:20,1
DA:25,2
DA:26,3
DA:28,3
DA:29,3
DA:32,2
DA:34,2
DA:36,1
DA:40,2
LF:19
LH:19
BRF:0
BRH:0
end_of_record
TN:
SF:middleware/requireAuth.js
FN:4,(anonymous_0)
FNF:1
FNH:1
FNDA:10,(anonymous_0)
DA:1,2
DA:2,2
DA:4,2
DA:6,10
DA:8,10
DA:9,0
DA:12,10
DA:14,10
DA:15,10
DA:17,10
DA:18,10
DA:20,0
DA:21,0
DA:25,2
LF:14
LH:11
BRDA:8,0,0,0
BRDA:8,0,1,10
BRF:2
BRH:1
end_of_record
TN:
SF:models/fitnessModel.js
FNF:0
FNH:0
DA:1,2
DA:3,2
DA:10,2
LF:3
LH:3
BRF:0
BRH:0
end_of_record
TN:
SF:models/userModel.js
FN:20,(anonymous_0)
FN:47,(anonymous_1)
FNF:2
FNH:2
FNDA:3,(anonymous_0)
FNDA:2,(anonymous_1)
DA:1,2
DA:2,2
DA:3,2
DA:5,2
DA:7,2
DA:20,2
DA:22,3
DA:23,0
DA:25,3
DA:26,0
DA:28,3
DA:29,1
DA:32,2
DA:34,2
DA:35,0
DA:38,2
DA:39,2
DA:41,2
DA:43,2
DA:47,2
DA:48,2
DA:49,0
DA:52,2
DA:53,2
DA:54,0
DA:57,2
DA:58,2
DA:59,1
DA:62,1
DA:65,2
LF:30
LH:25
BRDA:22,0,0,0
BRDA:22,0,1,3
BRDA:22,1,0,3
BRDA:22,1,1,3
BRDA:25,2,0,0
BRDA:25,2,1,3
BRDA:28,3,0,1
BRDA:28,3,1,2
BRDA:34,4,0,0
BRDA:34,4,1,2
BRDA:48,5,0,0
BRDA:48,5,1,2
BRDA:48,6,0,2
BRDA:48,6,1,2
BRDA:53,7,0,0
BRDA:53,7,1,2
BRDA:58,8,0,1
BRDA:58,8,1,1
BRF:18
BRH:13
end_of_record
TN:
SF:routes/fitnessRouter.js
FNF:0
FNH:0
DA:1,2
DA:2,2
DA:3,2
DA:10,2
DA:12,2
DA:14,2
DA:15,2
DA:16,2
DA:17,2
DA:18,2
DA:20,2
LF:11
LH:11
BRF:0
BRH:0
end_of_record
TN:
SF:routes/userRouter.js
FNF:0
FNH:0
DA:1,2
DA:2,2
DA:3,2
DA:6,2
DA:9,2
DA:11,2
LF:6
LH:6
BRF:0
BRH:0
end_of_record
